Determining if the pthread_create exist failed with the following output:
Change Dir: /home/darren/baxter_ws/src/birl_vision/linemod/cv_bridge3/build/CMakeFiles/CMakeTmp

Run Build Command:/usr/bin/make "cmTryCompileExec1488677882/fast"
/usr/bin/make -f CMakeFiles/cmTryCompileExec1488677882.dir/build.make CMakeFiles/cmTryCompileExec1488677882.dir/build
make[1]: Entering directory `/home/darren/baxter_ws/src/birl_vision/linemod/cv_bridge3/build/CMakeFiles/CMakeTmp'
/usr/bin/cmake -E cmake_progress_report /home/darren/baxter_ws/src/birl_vision/linemod/cv_bridge3/build/CMakeFiles/CMakeTmp/CMakeFiles 1
Building C object CMakeFiles/cmTryCompileExec1488677882.dir/CheckSymbolExists.c.o
/usr/bin/cc    -o CMakeFiles/cmTryCompileExec1488677882.dir/CheckSymbolExists.c.o   -c /home/darren/baxter_ws/src/birl_vision/linemod/cv_bridge3/build/CMakeFiles/CMakeTmp/CheckSymbolExists.c
Linking C executable cmTryCompileExec1488677882
/usr/bin/cmake -E cmake_link_script CMakeFiles/cmTryCompileExec1488677882.dir/link.txt --verbose=1
/usr/bin/cc       CMakeFiles/cmTryCompileExec1488677882.dir/CheckSymbolExists.c.o  -o cmTryCompileExec1488677882 -rdynamic 
CMakeFiles/cmTryCompileExec1488677882.dir/CheckSymbolExists.c.o: In function `main':
CheckSymbolExists.c:(.text+0x16): undefined reference to `pthread_create'
collect2: error: ld returned 1 exit status
make[1]: *** [cmTryCompileExec1488677882] Error 1
make[1]: Leaving directory `/home/darren/baxter_ws/src/birl_vision/linemod/cv_bridge3/build/CMakeFiles/CMakeTmp'
make: *** [cmTryCompileExec1488677882/fast] Error 2

File /home/darren/baxter_ws/src/birl_vision/linemod/cv_bridge3/build/CMakeFiles/CMakeTmp/CheckSymbolExists.c:
/* */
#include <pthread.h>

int main(int argc, char** argv)
{
  (void)argv;
#ifndef pthread_create
  return ((int*)(&pthread_create))[argc];
#else
  (void)argc;
  return 0;
#endif
}

Determining if the function pthread_create exists in the pthreads failed with the following output:
Change Dir: /home/darren/baxter_ws/src/birl_vision/linemod/cv_bridge3/build/CMakeFiles/CMakeTmp

Run Build Command:/usr/bin/make "cmTryCompileExec3653389714/fast"
/usr/bin/make -f CMakeFiles/cmTryCompileExec3653389714.dir/build.make CMakeFiles/cmTryCompileExec3653389714.dir/build
make[1]: Entering directory `/home/darren/baxter_ws/src/birl_vision/linemod/cv_bridge3/build/CMakeFiles/CMakeTmp'
/usr/bin/cmake -E cmake_progress_report /home/darren/baxter_ws/src/birl_vision/linemod/cv_bridge3/build/CMakeFiles/CMakeTmp/CMakeFiles 1
Building C object CMakeFiles/cmTryCompileExec3653389714.dir/CheckFunctionExists.c.o
/usr/bin/cc   -DCHECK_FUNCTION_EXISTS=pthread_create   -o CMakeFiles/cmTryCompileExec3653389714.dir/CheckFunctionExists.c.o   -c /usr/share/cmake-2.8/Modules/CheckFunctionExists.c
Linking C executable cmTryCompileExec3653389714
/usr/bin/cmake -E cmake_link_script CMakeFiles/cmTryCompileExec3653389714.dir/link.txt --verbose=1
/usr/bin/cc   -DCHECK_FUNCTION_EXISTS=pthread_create    CMakeFiles/cmTryCompileExec3653389714.dir/CheckFunctionExists.c.o  -o cmTryCompileExec3653389714 -rdynamic -lpthreads 
/usr/bin/ld: cannot find -lpthreads
collect2: error: ld returned 1 exit status
make[1]: *** [cmTryCompileExec3653389714] Error 1
make[1]: Leaving directory `/home/darren/baxter_ws/src/birl_vision/linemod/cv_bridge3/build/CMakeFiles/CMakeTmp'
make: *** [cmTryCompileExec3653389714/fast] Error 2


